3/12/2022, 2:55:58 PM - ERROR - failed to fetch volunteersSyntaxError: Unexpected token u in JSON at position 0 
6/12/2022, 2:34:06 PM - ERROR - err while trying to add volunteer | SyntaxError: Unexpected token u in JSON at position 0 
6/12/2022, 2:36:10 PM - ERROR - err while trying to add volunteer | SyntaxError: Unexpected token u in JSON at position 0 
6/12/2022, 2:36:39 PM - ERROR - err while trying to add volunteer | SyntaxError: Unexpected token o in JSON at position 1 
6/12/2022, 2:36:53 PM - ERROR - err while trying to add volunteer | SyntaxError: Unexpected token o in JSON at position 1 
6/12/2022, 2:37:32 PM - ERROR - err while trying to add volunteer | SyntaxError: Unexpected token o in JSON at position 1 
6/12/2022, 2:54:44 PM - ERROR - error updating volunteer undefined | CastError: Cast to date failed for value "16.08.89" (type string) at path "birth" 
6/17/2022, 12:52:02 AM - ERROR - failed to fetch voluntterCastError: Cast to ObjectId failed for value "62ab5a992534d7878bcd17f" (type string) at path "_id" for model "Group" 
6/17/2022, 12:52:23 AM - ERROR - failed to fetch voluntterCastError: Cast to ObjectId failed for value "62ab5a992534d7878bcd17" (type string) at path "_id" for model "Group" 
6/17/2022, 12:52:53 AM - ERROR - failed to fetch volunteer CastError: Cast to ObjectId failed for value "62ab5a992534d7878bcd17" (type string) at path "_id" for model "Group" 
6/17/2022, 1:16:06 AM - ERROR - error updating group undefined | CastError: Cast to ObjectId failed for value "62ab5a992534d7878bcd17f" (type string) at path "_id" for model "Group" 
6/17/2022, 1:17:48 AM - ERROR - err while trying to add volunteer | SyntaxError: Unexpected token m in JSON at position 1 
6/17/2022, 1:18:12 AM - ERROR - err while trying to add volunteer | SyntaxError: Unexpected token d in JSON at position 0 
6/17/2022, 1:18:39 AM - ERROR - err while trying to add volunteer | SyntaxError: Unexpected token d in JSON at position 0 
6/17/2022, 1:18:47 AM - ERROR - err while trying to add volunteer | SyntaxError: Unexpected token d in JSON at position 0 
6/17/2022, 1:22:16 AM - ERROR - err while trying to add volunteer | TypeError: Cannot read properties of undefined (reading 'startsWith') 
6/17/2022, 1:23:27 AM - ERROR - err while trying to add volunteer | TypeError: Cannot read properties of undefined (reading 'startsWith') 
6/17/2022, 1:23:46 AM - ERROR - err while trying to add volunteer | TypeError: Cannot read properties of undefined (reading 'startsWith') 
6/17/2022, 1:24:37 AM - ERROR - err while trying to add volunteer | TypeError: Cannot read properties of undefined (reading 'startsWith') 
22/06/2022, 3:38:14 - ERROR - failed to fetch groupsMongooseServerSelectionError: getaddrinfo ENOTFOUND ac-thrhdqd-shard-00-01.nnqvqex.mongodb.net 
22/06/2022, 3:38:50 - ERROR - failed to fetch groupsMongooseServerSelectionError: getaddrinfo ENOTFOUND ac-thrhdqd-shard-00-01.nnqvqex.mongodb.net 
22/06/2022, 4:09:22 - ERROR - err while trying to add volunteer | ReferenceError: body is not defined 
22/06/2022, 4:10:12 - ERROR - err while trying to add volunteer | ReferenceError: body is not defined 
22/06/2022, 4:11:03 - ERROR - err while trying to add volunteer | ReferenceError: body is not defined 
22/06/2022, 4:12:24 - ERROR - err while trying to add volunteer | ReferenceError: body is not defined 
22/06/2022, 4:21:45 - ERROR - err while trying to add volunteer | ReferenceError: body is not defined 
22/06/2022, 4:23:48 - ERROR - err while trying to add volunteer | ReferenceError: body is not defined 
22/06/2022, 19:26:26 - ERROR - err while trying to add volunteer | ReferenceError: body is not defined 
22/06/2022, 19:38:12 - ERROR - err while trying to add volunteer | ReferenceError: body is not defined 
22/06/2022, 19:51:40 - ERROR - err while trying to add volunteer | ReferenceError: body is not defined 
22/06/2022, 19:53:31 - ERROR - err while trying to add volunteer | ReferenceError: body is not defined 
22/06/2022, 19:55:46 - ERROR - err while trying to add volunteer | ReferenceError: body is not defined 
22/06/2022, 19:56:44 - ERROR - err while trying to add volunteer | ReferenceError: body is not defined 
22/06/2022, 19:57:56 - ERROR - err while trying to add volunteer | ReferenceError: body is not defined 
22/06/2022, 19:59:23 - ERROR - err while trying to add volunteer | SyntaxError: Unexpected token o in JSON at position 1 
